<?xml version="1.0" encoding="UTF-8"?>
<!-- Generated by org.testng.reporters.JUnitXMLReporter -->
<testsuite ignored="1" hostname="DESKTOP-BU44OGD" failures="0" tests="6" name="Default test" time="125.564" errors="0" timestamp="30 Sep 2021 12:43:09 GMT">
  <testcase classname="testCases.OneWay" name="oneWayTest1" time="23.725"/>
  <testcase classname="testCases.OneWay" name="oneWayTest2" time="16.581"/>
  <testcase classname="testCases.OneWay" name="oneWayTest3" time="21.771"/>
  <testcase classname="testCases.OneWay" name="oneWayTest4" time="25.77"/>
  <testcase classname="testCases.OneWay" name="oneWayTest5" time="19.177"/>
  <testcase classname="testCases.OneWay" name="oneWayTest6" time="2.554"/>
  <testcase classname="testCases.OneWay" name="test3" time="0.0">
    <ignored/>
  </testcase> <!-- test3 -->
</testsuite> <!-- Default test -->
