<?xml version="1.0" encoding="UTF-8"?>
<!-- Generated by org.testng.reporters.JUnitXMLReporter -->
<testsuite ignored="5" hostname="DESKTOP-BU44OGD" failures="0" tests="1" name="Test(failed)(failed)" time="60.561" errors="0" timestamp="04 Oct 2021 10:55:36 GMT">
  <testcase classname="testCases.OneWayFlightBookingTest" name="oneWayTest5" time="49.809"/>
  <testcase classname="testCases.OneWayFlightBookingTest" name="oneWayTest4" time="0.0">
    <ignored/>
  </testcase> <!-- oneWayTest4 -->
  <testcase classname="testCases.OneWayFlightBookingTest" name="oneWayTest3" time="0.0">
    <ignored/>
  </testcase> <!-- oneWayTest3 -->
  <testcase classname="testCases.OneWayFlightBookingTest" name="oneWayTest6" time="0.0">
    <ignored/>
  </testcase> <!-- oneWayTest6 -->
  <testcase classname="testCases.OneWayFlightBookingTest" name="oneWayTest1" time="0.0">
    <ignored/>
  </testcase> <!-- oneWayTest1 -->
  <testcase classname="testCases.OneWayFlightBookingTest" name="oneWayTest2" time="0.0">
    <ignored/>
  </testcase> <!-- oneWayTest2 -->
</testsuite> <!-- Test(failed)(failed) -->
