<?xml version="1.0" encoding="UTF-8"?>
<testng-results ignored="0" total="8" passed="8" failed="0" skipped="0">
  <reporter-output>
  </reporter-output>
  <suite started-at="2021-10-05T03:16:59Z" name="Suite" finished-at="2021-10-05T03:19:45Z" duration-ms="165979">
    <groups>
    </groups>
    <test started-at="2021-10-05T03:16:59Z" name="Test" finished-at="2021-10-05T03:19:45Z" duration-ms="165979">
      <class name="testCases.OneWayFlightBookingTest">
        <test-method is-config="true" signature="beforeTest(java.lang.String)[pri:0, instance:testCases.OneWayFlightBookingTest@68df9280]" started-at="2021-10-05T03:16:59Z" name="beforeTest" finished-at="2021-10-05T03:17:05Z" duration-ms="5462" status="PASS">
          <params>
            <param index="0">
              <value>
                <![CDATA[chrome]]>
              </value>
            </param>
          </params>
          <reporter-output>
          </reporter-output>
        </test-method> <!-- beforeTest -->
        <test-method signature="oneWayTest1(java.lang.String, java.lang.String, java.lang.String, java.lang.String)[pri:1, instance:testCases.OneWayFlightBookingTest@68df9280]" started-at="2021-10-05T03:17:07Z" name="oneWayTest1" description="Passing the Test Case" data-provider="test1data" finished-at="2021-10-05T03:17:35Z" duration-ms="28045" status="PASS">
          <params>
            <param index="0">
              <value>
                <![CDATA[ciscoramon@gmail.com]]>
              </value>
            </param>
            <param index="1">
              <value>
                <![CDATA[cisco]]>
              </value>
            </param>
            <param index="2">
              <value>
                <![CDATA[ramon]]>
              </value>
            </param>
            <param index="3">
              <value>
                <![CDATA[9898989898]]>
              </value>
            </param>
          </params>
          <reporter-output>
          </reporter-output>
        </test-method> <!-- oneWayTest1 -->
        <test-method signature="oneWayTest1(java.lang.String, java.lang.String, java.lang.String, java.lang.String)[pri:1, instance:testCases.OneWayFlightBookingTest@68df9280]" started-at="2021-10-05T03:17:35Z" name="oneWayTest1" description="Passing the Test Case" data-provider="test1data" finished-at="2021-10-05T03:17:57Z" duration-ms="22002" status="PASS">
          <params>
            <param index="0">
              <value>
                <![CDATA[harypotter@gmail.com]]>
              </value>
            </param>
            <param index="1">
              <value>
                <![CDATA[harry]]>
              </value>
            </param>
            <param index="2">
              <value>
                <![CDATA[potter]]>
              </value>
            </param>
            <param index="3">
              <value>
                <![CDATA[8888855555]]>
              </value>
            </param>
          </params>
          <reporter-output>
          </reporter-output>
        </test-method> <!-- oneWayTest1 -->
        <test-method signature="oneWayTest2(java.lang.String, java.lang.String, java.lang.String, java.lang.String)[pri:2, instance:testCases.OneWayFlightBookingTest@68df9280]" started-at="2021-10-05T03:17:57Z" name="oneWayTest2" description="Error With Email" data-provider="test2data" finished-at="2021-10-05T03:18:15Z" duration-ms="18387" status="PASS">
          <params>
            <param index="0">
              <value>
                <![CDATA[admin12]]>
              </value>
            </param>
            <param index="1">
              <value>
                <![CDATA[Harrison]]>
              </value>
            </param>
            <param index="2">
              <value>
                <![CDATA[Wells]]>
              </value>
            </param>
            <param index="3">
              <value>
                <![CDATA[9988776655]]>
              </value>
            </param>
          </params>
          <reporter-output>
          </reporter-output>
        </test-method> <!-- oneWayTest2 -->
        <test-method signature="oneWayTest2(java.lang.String, java.lang.String, java.lang.String, java.lang.String)[pri:2, instance:testCases.OneWayFlightBookingTest@68df9280]" started-at="2021-10-05T03:18:15Z" name="oneWayTest2" description="Error With Email" data-provider="test2data" finished-at="2021-10-05T03:18:33Z" duration-ms="18045" status="PASS">
          <params>
            <param index="0">
              <value>
                <![CDATA[Barry234]]>
              </value>
            </param>
            <param index="1">
              <value>
                <![CDATA[Barry]]>
              </value>
            </param>
            <param index="2">
              <value>
                <![CDATA[Allen]]>
              </value>
            </param>
            <param index="3">
              <value>
                <![CDATA[9955113355]]>
              </value>
            </param>
          </params>
          <reporter-output>
          </reporter-output>
        </test-method> <!-- oneWayTest2 -->
        <test-method signature="oneWayTest3(java.lang.String, java.lang.String, java.lang.String, java.lang.String)[pri:3, instance:testCases.OneWayFlightBookingTest@68df9280]" started-at="2021-10-05T03:18:34Z" name="oneWayTest3" description="Error With contact number" data-provider="test3data" finished-at="2021-10-05T03:18:54Z" duration-ms="20866" status="PASS">
          <params>
            <param index="0">
              <value>
                <![CDATA[levels@avicii.com]]>
              </value>
            </param>
            <param index="1">
              <value>
                <![CDATA[  Levels]]>
              </value>
            </param>
            <param index="2">
              <value>
                <![CDATA[Avicii]]>
              </value>
            </param>
            <param index="3">
              <value>
                <![CDATA[ ]]>
              </value>
            </param>
          </params>
          <reporter-output>
          </reporter-output>
        </test-method> <!-- oneWayTest3 -->
        <test-method signature="oneWayTest4()[pri:4, instance:testCases.OneWayFlightBookingTest@68df9280]" started-at="2021-10-05T03:18:54Z" name="oneWayTest4" description="Error With First Name" finished-at="2021-10-05T03:19:18Z" duration-ms="23134" status="PASS">
          <reporter-output>
          </reporter-output>
        </test-method> <!-- oneWayTest4 -->
        <test-method signature="oneWayTest5()[pri:5, instance:testCases.OneWayFlightBookingTest@68df9280]" started-at="2021-10-05T03:19:18Z" name="oneWayTest5" description="Error With Last Name" finished-at="2021-10-05T03:19:39Z" duration-ms="21425" status="PASS">
          <reporter-output>
          </reporter-output>
        </test-method> <!-- oneWayTest5 -->
        <test-method signature="oneWayTest6()[pri:6, instance:testCases.OneWayFlightBookingTest@68df9280]" started-at="2021-10-05T03:19:39Z" name="oneWayTest6" description="Alert-Source and Destination Cannot be Same" finished-at="2021-10-05T03:19:42Z" duration-ms="3201" status="PASS">
          <reporter-output>
          </reporter-output>
        </test-method> <!-- oneWayTest6 -->
        <test-method is-config="true" signature="afterTest()[pri:0, instance:testCases.OneWayFlightBookingTest@68df9280]" started-at="2021-10-05T03:19:42Z" name="afterTest" finished-at="2021-10-05T03:19:45Z" duration-ms="2934" status="PASS">
          <reporter-output>
          </reporter-output>
        </test-method> <!-- afterTest -->
      </class> <!-- testCases.OneWayFlightBookingTest -->
    </test> <!-- Test -->
  </suite> <!-- Suite -->
</testng-results>
